Determining if the pthread_create exist failed with the following output:
Change Dir: /home/ashishk/workspace/build/CMakeFiles/CMakeTmp

Run Build Command:/usr/bin/make "cmTryCompileExec18593833/fast"
/usr/bin/make -f CMakeFiles/cmTryCompileExec18593833.dir/build.make CMakeFiles/cmTryCompileExec18593833.dir/build
make[1]: Entering directory `/home/ashishk/workspace/build/CMakeFiles/CMakeTmp'
/usr/bin/cmake -E cmake_progress_report /home/ashishk/workspace/build/CMakeFiles/CMakeTmp/CMakeFiles 1
Building C object CMakeFiles/cmTryCompileExec18593833.dir/CheckSymbolExists.c.o
/usr/bin/cc    -o CMakeFiles/cmTryCompileExec18593833.dir/CheckSymbolExists.c.o   -c /home/ashishk/workspace/build/CMakeFiles/CMakeTmp/CheckSymbolExists.c
Linking C executable cmTryCompileExec18593833
/usr/bin/cmake -E cmake_link_script CMakeFiles/cmTryCompileExec18593833.dir/link.txt --verbose=1
/usr/bin/cc       CMakeFiles/cmTryCompileExec18593833.dir/CheckSymbolExists.c.o  -o cmTryCompileExec18593833 -rdynamic 
CMakeFiles/cmTryCompileExec18593833.dir/CheckSymbolExists.c.o: In function `main':
CheckSymbolExists.c:(.text+0x16): undefined reference to `pthread_create'
collect2: error: ld returned 1 exit status
make[1]: Leaving directory `/home/ashishk/workspace/build/CMakeFiles/CMakeTmp'
make[1]: *** [cmTryCompileExec18593833] Error 1
make: *** [cmTryCompileExec18593833/fast] Error 2

File /home/ashishk/workspace/build/CMakeFiles/CMakeTmp/CheckSymbolExists.c:
/* */
#include <pthread.h>

int main(int argc, char** argv)
{
  (void)argv;
#ifndef pthread_create
  return ((int*)(&pthread_create))[argc];
#else
  (void)argc;
  return 0;
#endif
}

Determining if the function pthread_create exists in the pthreads failed with the following output:
Change Dir: /home/ashishk/workspace/build/CMakeFiles/CMakeTmp

Run Build Command:/usr/bin/make "cmTryCompileExec917704926/fast"
/usr/bin/make -f CMakeFiles/cmTryCompileExec917704926.dir/build.make CMakeFiles/cmTryCompileExec917704926.dir/build
make[1]: Entering directory `/home/ashishk/workspace/build/CMakeFiles/CMakeTmp'
/usr/bin/cmake -E cmake_progress_report /home/ashishk/workspace/build/CMakeFiles/CMakeTmp/CMakeFiles 1
Building C object CMakeFiles/cmTryCompileExec917704926.dir/CheckFunctionExists.c.o
/usr/bin/cc   -DCHECK_FUNCTION_EXISTS=pthread_create   -o CMakeFiles/cmTryCompileExec917704926.dir/CheckFunctionExists.c.o   -c /usr/share/cmake-2.8/Modules/CheckFunctionExists.c
Linking C executable cmTryCompileExec917704926
/usr/bin/cmake -E cmake_link_script CMakeFiles/cmTryCompileExec917704926.dir/link.txt --verbose=1
/usr/bin/cc   -DCHECK_FUNCTION_EXISTS=pthread_create    CMakeFiles/cmTryCompileExec917704926.dir/CheckFunctionExists.c.o  -o cmTryCompileExec917704926 -rdynamic -lpthreads 
/usr/bin/ld: cannot find -lpthreads
collect2: error: ld returned 1 exit status
make[1]: make[1]: Leaving directory `/home/ashishk/workspace/build/CMakeFiles/CMakeTmp'
*** [cmTryCompileExec917704926] Error 1
make: *** [cmTryCompileExec917704926/fast] Error 2


